2024-06-17T08:56:16  fix: handle empty input gracefully
2024-07-08T15:13:23  perf: micro-optimization
2024-08-05T10:30:30  style: formatting
2024-09-03T17:47:37  chore: bump dev tooling
2024-09-07T12:04:44  docs: expand examples
2024-10-06T19:21:51  test: strengthen coverage
2024-11-03T14:38:58  chore: tune defaults
2024-12-02T09:55:05  refactor: simplify helper
2024-12-30T16:12:12  chore: routine maintenance
2025-01-28T11:29:19  docs: clarify usage notes
2025-02-01T18:46:26  test: add edge case
2025-03-02T13:03:33  refactor: tidy internals
2025-03-30T08:20:40  fix: handle empty input gracefully
2025-04-28T15:37:47  perf: micro-optimization
2025-05-26T10:54:54  style: formatting
2025-06-24T17:11:01  chore: bump dev tooling
2025-06-28T12:28:08  docs: expand examples
2025-07-26T19:45:15  test: strengthen coverage
2025-08-17T14:02:22  chore: tune defaults
2025-09-14T09:19:29  refactor: simplify helper
2025-10-13T16:36:36  chore: routine maintenance
